Using pre-set license
Built from '2020.2/staging' branch; Version is '2020.2.3f1 (8ff31bc5bf5b) revision 9433883'; Using compiler version '192528614'; Build Type 'Release'
OS: 'Windows 10 Home; OS build 18363.1316; Version 1909; 64bit' Language: 'pl' Physical Memory: 16343 MB
BatchMode: 1, IsHumanControllingUs: 0, StartBugReporterOnCrash: 0, Is64bit: 1, IsPro: 0

 COMMAND LINE ARGUMENTS:
C:\Program Files\Unity\Hub\Editor\2020.2.3f1\Editor\Unity.exe
-adb2
-batchMode
-noUpm
-name
AssetImportWorker0
-projectPath
C:/Users/d_NoX/Warcaby JESZCZE RAZ
-logFile
Logs/AssetImportWorker0.log
-srvPort
54115
Successfully changed project path to: C:/Users/d_NoX/Warcaby JESZCZE RAZ
C:/Users/d_NoX/Warcaby JESZCZE RAZ
Using Asset Import Pipeline V2.
Unable to join player connection multicast group.

Unable to join player connection alternative multicast group.

Refreshing native plugins compatible for Editor in 22.52 ms, found 0 plugins.
Preloading 0 native plugins for Editor in 0.00 ms.
Initialize engine version: 2020.2.3f1 (8ff31bc5bf5b)
[Subsystems] Discovering subsystems at path C:/Program Files/Unity/Hub/Editor/2020.2.3f1/Editor/Data/Resources/UnitySubsystems
[Subsystems] Discovering subsystems at path C:/Users/d_NoX/Warcaby JESZCZE RAZ/Assets
GfxDevice: creating device client; threaded=0
Direct3D:
    Version:  Direct3D 11.0 [level 11.1]
    Renderer: NVIDIA GeForce GTX 1070 (ID=0x1b81)
    Vendor:   
    VRAM:     8088 MB
    Driver:   27.21.14.6079
Initialize mono
Mono path[0] = 'C:/Program Files/Unity/Hub/Editor/2020.2.3f1/Editor/Data/Managed'
Mono path[1] = 'C:/Program Files/Unity/Hub/Editor/2020.2.3f1/Editor/Data/MonoBleedingEdge/lib/mono/unityjit'
Mono config path = 'C:/Program Files/Unity/Hub/Editor/2020.2.3f1/Editor/Data/MonoBleedingEdge/etc'
Using monoOptions --debugger-agent=transport=dt_socket,embedding=1,server=y,suspend=n,address=127.0.0.1:56600
Begin MonoManager ReloadAssembly
Registering precompiled unity dll's ...
Register platform support module: C:/Program Files/Unity/Hub/Editor/2020.2.3f1/Editor/Data/PlaybackEngines/WindowsStandaloneSupport/UnityEditor.WindowsStandalone.Extensions.dll
Registered in 0.001882 seconds.
Native extension for WindowsStandalone target not found
Refreshing native plugins compatible for Editor in 21.82 ms, found 0 plugins.
Preloading 0 native plugins for Editor in 0.00 ms.
Invoked RoslynAnalysisRunner static constructor.
RoslynAnalysisRunner will not be running.
RoslynAnalysisRunner has terminated.
Mono: successfully reloaded assembly
- Completed reload, in  1.038 seconds
Platform modules already initialized, skipping
Registering precompiled user dll's ...
Registered in 0.000744 seconds.
Begin MonoManager ReloadAssembly
Native extension for WindowsStandalone target not found
Refreshing native plugins compatible for Editor in 0.20 ms, found 0 plugins.
Preloading 0 native plugins for Editor in 0.00 ms.
Invoked RoslynAnalysisRunner static constructor.
RoslynAnalysisRunner will not be running.
RoslynAnalysisRunner has terminated.
Mono: successfully reloaded assembly
- Completed reload, in  0.911 seconds
Platform modules already initialized, skipping
========================================================================
Worker process is ready to serve import requests
Launched and connected shader compiler UnityShaderCompiler.exe after 0.05 seconds
Refreshing native plugins compatible for Editor in 0.33 ms, found 0 plugins.
Preloading 0 native plugins for Editor in 0.00 ms.
Unloading 1104 Unused Serialized files (Serialized files now loaded: 0)
System memory in use before: 57.0 MB.
System memory in use after: 57.1 MB.

Unloading 10 unused Assets to reduce memory usage. Loaded Objects now: 1546.
Total: 1.856500 ms (FindLiveObjects: 0.211900 ms CreateObjectMapping: 0.080500 ms MarkObjects: 1.464900 ms  DeleteObjects: 0.097600 ms)

========================================================================
Received Import Request.
  path: Assets/CheckersBoard.cs
  artifactKey: Guid(6640494a51982b44389f04223c82b847) Importer(815301076,1909f56bfc062723c751e8b465ee728b)
Start importing Assets/CheckersBoard.cs using Guid(6640494a51982b44389f04223c82b847) Importer(815301076,1909f56bfc062723c751e8b465ee728b)  -> (artifact id: 'a25ad10a6fdbbc1d0ed3db7b9c3dab2e') in 0.034067 seconds
  Import took 0.036616 seconds .

========================================================================
Received Prepare
Registering precompiled user dll's ...
Registered in 0.001587 seconds.
Begin MonoManager ReloadAssembly
Native extension for WindowsStandalone target not found
Refreshing native plugins compatible for Editor in 0.19 ms, found 0 plugins.
Preloading 0 native plugins for Editor in 0.00 ms.
Invoked RoslynAnalysisRunner static constructor.
RoslynAnalysisRunner will not be running.
RoslynAnalysisRunner has terminated.
Mono: successfully reloaded assembly
- Completed reload, in  0.820 seconds
Platform modules already initialized, skipping
Refreshing native plugins compatible for Editor in 0.18 ms, found 0 plugins.
Preloading 0 native plugins for Editor in 0.00 ms.
Unloading 1099 Unused Serialized files (Serialized files now loaded: 0)
System memory in use before: 57.0 MB.
System memory in use after: 57.0 MB.

Unloading 5 unused Assets to reduce memory usage. Loaded Objects now: 1548.
Total: 1.879200 ms (FindLiveObjects: 0.126300 ms CreateObjectMapping: 0.031700 ms MarkObjects: 1.660500 ms  DeleteObjects: 0.059300 ms)

========================================================================
Received Import Request.
  Time since last request: 561.952299 seconds.
  path: Assets/CheckersBoard.cs
  artifactKey: Guid(6640494a51982b44389f04223c82b847) Importer(815301076,1909f56bfc062723c751e8b465ee728b)
Start importing Assets/CheckersBoard.cs using Guid(6640494a51982b44389f04223c82b847) Importer(815301076,1909f56bfc062723c751e8b465ee728b)  -> (artifact id: '406a2e6f27b09dea01324f275af31553') in 0.011452 seconds
  Import took 0.015109 seconds .

========================================================================
Received Import Request.
  Time since last request: 27.679974 seconds.
  path: Assets/Server.cs
  artifactKey: Guid(868d68f4d869b634b84a64b143ffd382) Importer(815301076,1909f56bfc062723c751e8b465ee728b)
Start importing Assets/Server.cs using Guid(868d68f4d869b634b84a64b143ffd382) Importer(815301076,1909f56bfc062723c751e8b465ee728b)  -> (artifact id: 'f0d835c201bb3c52fc9f229065835d5b') in 0.006589 seconds
  Import took 0.011066 seconds .

========================================================================
Received Import Request.
  Time since last request: 154.737485 seconds.
  path: Assets/GameManager.cs
  artifactKey: Guid(0ac1f004178f9ca4ba1191a6a50eddef) Importer(815301076,1909f56bfc062723c751e8b465ee728b)
Start importing Assets/GameManager.cs using Guid(0ac1f004178f9ca4ba1191a6a50eddef) Importer(815301076,1909f56bfc062723c751e8b465ee728b)  -> (artifact id: '8e6f256b1ed28a71c02399d2b4682141') in 0.008029 seconds
  Import took 0.010043 seconds .

========================================================================
Received Import Request.
  Time since last request: 0.000635 seconds.
  path: Assets/GameManager.cs
  artifactKey: Guid(0ac1f004178f9ca4ba1191a6a50eddef) Importer(815301076,1909f56bfc062723c751e8b465ee728b)
Start importing Assets/GameManager.cs using Guid(0ac1f004178f9ca4ba1191a6a50eddef) Importer(815301076,1909f56bfc062723c751e8b465ee728b)  -> (artifact id: '8e6f256b1ed28a71c02399d2b4682141') in 0.003958 seconds
  Import took 0.006051 seconds .

========================================================================
Received Import Request.
  Time since last request: 41.667343 seconds.
  path: Assets/Client.cs
  artifactKey: Guid(bfe54d895d3165243bf1e7bb617dc560) Importer(815301076,1909f56bfc062723c751e8b465ee728b)
Start importing Assets/Client.cs using Guid(bfe54d895d3165243bf1e7bb617dc560) Importer(815301076,1909f56bfc062723c751e8b465ee728b)  -> (artifact id: 'f584f7475fb6f5b1cdfdc3efdb092fdc') in 0.007737 seconds
  Import took 0.012448 seconds .

========================================================================
Received Prepare
Registering precompiled user dll's ...
Registered in 0.000794 seconds.
Begin MonoManager ReloadAssembly
Native extension for WindowsStandalone target not found
Refreshing native plugins compatible for Editor in 0.24 ms, found 0 plugins.
Preloading 0 native plugins for Editor in 0.00 ms.
Invoked RoslynAnalysisRunner static constructor.
RoslynAnalysisRunner will not be running.
RoslynAnalysisRunner has terminated.
Mono: successfully reloaded assembly
- Completed reload, in  0.821 seconds
Platform modules already initialized, skipping
Refreshing native plugins compatible for Editor in 0.18 ms, found 0 plugins.
Preloading 0 native plugins for Editor in 0.00 ms.
Unloading 1099 Unused Serialized files (Serialized files now loaded: 0)
System memory in use before: 57.0 MB.
System memory in use after: 57.1 MB.

Unloading 5 unused Assets to reduce memory usage. Loaded Objects now: 1550.
Total: 1.472200 ms (FindLiveObjects: 0.118200 ms CreateObjectMapping: 0.030800 ms MarkObjects: 1.266400 ms  DeleteObjects: 0.055500 ms)

========================================================================
Received Import Request.
  Time since last request: 307.581338 seconds.
  path: Assets/Piece.cs
  artifactKey: Guid(b7f3656c355669e46865df7031217075) Importer(815301076,1909f56bfc062723c751e8b465ee728b)
Start importing Assets/Piece.cs using Guid(b7f3656c355669e46865df7031217075) Importer(815301076,1909f56bfc062723c751e8b465ee728b)  -> (artifact id: '1690e79fff657e002efc8cb8d42be7a1') in 0.008147 seconds
  Import took 0.012862 seconds .

========================================================================
Received Import Request.
  Time since last request: 49.632733 seconds.
  path: Assets/obrazki
  artifactKey: Guid(e75a64c473253b04fa7758c138313ba5) Importer(815301076,1909f56bfc062723c751e8b465ee728b)
Start importing Assets/obrazki using Guid(e75a64c473253b04fa7758c138313ba5) Importer(815301076,1909f56bfc062723c751e8b465ee728b)  -> (artifact id: 'c0fd882cb951a21c90e7cef94e16b6b4') in 0.009447 seconds
  Import took 0.012084 seconds .

========================================================================
Received Prepare
Refreshing native plugins compatible for Editor in 0.75 ms, found 0 plugins.
Preloading 0 native plugins for Editor in 0.00 ms.
Unloading 3 Unused Serialized files (Serialized files now loaded: 0)
System memory in use before: 35.3 MB.
System memory in use after: 35.4 MB.

Unloading 3 unused Assets to reduce memory usage. Loaded Objects now: 1550.
Total: 3.143900 ms (FindLiveObjects: 0.176600 ms CreateObjectMapping: 0.054100 ms MarkObjects: 2.847500 ms  DeleteObjects: 0.064000 ms)

========================================================================
Received Prepare
Registering precompiled user dll's ...
Registered in 0.001863 seconds.
Begin MonoManager ReloadAssembly
Native extension for WindowsStandalone target not found
Refreshing native plugins compatible for Editor in 1.72 ms, found 0 plugins.
Preloading 0 native plugins for Editor in 0.00 ms.
Invoked RoslynAnalysisRunner static constructor.
RoslynAnalysisRunner will not be running.
RoslynAnalysisRunner has terminated.
Mono: successfully reloaded assembly
- Completed reload, in  1.428 seconds
Platform modules already initialized, skipping
Refreshing native plugins compatible for Editor in 0.20 ms, found 0 plugins.
Preloading 0 native plugins for Editor in 0.00 ms.
Unloading 1099 Unused Serialized files (Serialized files now loaded: 0)
System memory in use before: 57.0 MB.
System memory in use after: 57.1 MB.

Unloading 5 unused Assets to reduce memory usage. Loaded Objects now: 1552.
Total: 3.515100 ms (FindLiveObjects: 0.530000 ms CreateObjectMapping: 0.094000 ms MarkObjects: 2.823600 ms  DeleteObjects: 0.065900 ms)

========================================================================
Received Prepare
Refreshing native plugins compatible for Editor in 1.50 ms, found 0 plugins.
Preloading 0 native plugins for Editor in 0.00 ms.
Unloading 3 Unused Serialized files (Serialized files now loaded: 0)
System memory in use before: 35.3 MB.
System memory in use after: 35.4 MB.

Unloading 3 unused Assets to reduce memory usage. Loaded Objects now: 1552.
Total: 25.880000 ms (FindLiveObjects: 0.330800 ms CreateObjectMapping: 0.060800 ms MarkObjects: 25.357800 ms  DeleteObjects: 0.128500 ms)

========================================================================
Received Prepare
Refreshing native plugins compatible for Editor in 0.68 ms, found 0 plugins.
Preloading 0 native plugins for Editor in 0.00 ms.
Unloading 3 Unused Serialized files (Serialized files now loaded: 0)
System memory in use before: 35.3 MB.
System memory in use after: 35.4 MB.

Unloading 3 unused Assets to reduce memory usage. Loaded Objects now: 1552.
Total: 2.918900 ms (FindLiveObjects: 0.220300 ms CreateObjectMapping: 0.055500 ms MarkObjects: 2.555800 ms  DeleteObjects: 0.085600 ms)

========================================================================
Received Prepare
Registering precompiled user dll's ...
Registered in 0.001004 seconds.
Begin MonoManager ReloadAssembly
Native extension for WindowsStandalone target not found
Refreshing native plugins compatible for Editor in 0.24 ms, found 0 plugins.
Preloading 0 native plugins for Editor in 0.00 ms.
Invoked RoslynAnalysisRunner static constructor.
RoslynAnalysisRunner will not be running.
RoslynAnalysisRunner has terminated.
Mono: successfully reloaded assembly
- Completed reload, in  1.308 seconds
Platform modules already initialized, skipping
Refreshing native plugins compatible for Editor in 0.33 ms, found 0 plugins.
Preloading 0 native plugins for Editor in 0.00 ms.
Unloading 1099 Unused Serialized files (Serialized files now loaded: 0)
System memory in use before: 57.0 MB.
System memory in use after: 57.1 MB.

Unloading 5 unused Assets to reduce memory usage. Loaded Objects now: 1554.
Total: 2.715300 ms (FindLiveObjects: 0.384700 ms CreateObjectMapping: 0.112500 ms MarkObjects: 2.084500 ms  DeleteObjects: 0.131800 ms)

AssetImportWorkerClient::OnTransportError - code=2 error=End of file
